2025-06-07 03:23:02,424 - [INFO] Epoch 1 / 50
2025-06-07 03:23:02,424 - [INFO] ------------------------------
2025-06-07 03:29:29,854 - [INFO] Train Loss: 6.1331 | Val Loss: 5.0655
2025-06-07 03:29:30,856 - [INFO] Checkpoint saved to ./models/version_1/checkpoint.pth
2025-06-07 03:29:30,856 - [INFO] Epoch 2 / 50
2025-06-07 03:29:30,857 - [INFO] ------------------------------
2025-06-07 03:36:02,671 - [INFO] Train Loss: 4.5757 | Val Loss: 3.8559
2025-06-07 03:36:07,323 - [INFO] Checkpoint saved to ./models/version_1/checkpoint.pth
2025-06-07 03:36:07,323 - [INFO] Epoch 3 / 50
2025-06-07 03:36:07,323 - [INFO] ------------------------------
2025-06-07 03:42:40,515 - [INFO] Train Loss: 3.6993 | Val Loss: 3.0577
2025-06-07 03:42:45,195 - [INFO] Checkpoint saved to ./models/version_1/checkpoint.pth
2025-06-07 03:42:45,195 - [INFO] Epoch 4 / 50
2025-06-07 03:42:45,196 - [INFO] ------------------------------
2025-06-07 03:49:18,935 - [INFO] Train Loss: 3.0632 | Val Loss: 2.4374
2025-06-07 03:49:23,623 - [INFO] Checkpoint saved to ./models/version_1/checkpoint.pth
2025-06-07 03:49:23,623 - [INFO] Epoch 5 / 50
2025-06-07 03:49:23,624 - [INFO] ------------------------------
2025-06-07 03:55:55,334 - [INFO] Train Loss: 2.5482 | Val Loss: 1.9508
2025-06-07 03:56:00,007 - [INFO] Checkpoint saved to ./models/version_1/checkpoint.pth
2025-06-07 03:56:00,007 - [INFO] Epoch 6 / 50
2025-06-07 03:56:00,007 - [INFO] ------------------------------
2025-06-07 04:02:31,606 - [INFO] Train Loss: 2.1335 | Val Loss: 1.5842
2025-06-07 04:02:36,275 - [INFO] Checkpoint saved to ./models/version_1/checkpoint.pth
2025-06-07 04:02:36,275 - [INFO] Epoch 7 / 50
2025-06-07 04:02:36,275 - [INFO] ------------------------------
2025-06-07 04:09:08,743 - [INFO] Train Loss: 1.7941 | Val Loss: 1.3099
2025-06-07 04:09:13,417 - [INFO] Checkpoint saved to ./models/version_1/checkpoint.pth
2025-06-07 04:09:13,417 - [INFO] Epoch 8 / 50
2025-06-07 04:09:13,417 - [INFO] ------------------------------
2025-06-07 04:15:48,403 - [INFO] Train Loss: 1.5242 | Val Loss: 1.1068
2025-06-07 04:15:52,986 - [INFO] Checkpoint saved to ./models/version_1/checkpoint.pth
2025-06-07 04:15:52,987 - [INFO] Epoch 9 / 50
2025-06-07 04:15:52,987 - [INFO] ------------------------------
2025-06-07 04:22:25,779 - [INFO] Train Loss: 1.3101 | Val Loss: 0.9603
2025-06-07 04:22:30,443 - [INFO] Checkpoint saved to ./models/version_1/checkpoint.pth
2025-06-07 04:22:30,443 - [INFO] Epoch 10 / 50
2025-06-07 04:22:30,443 - [INFO] ------------------------------
2025-06-07 04:29:03,978 - [INFO] Train Loss: 1.1351 | Val Loss: 0.8442
2025-06-07 04:29:08,691 - [INFO] Checkpoint saved to ./models/version_1/checkpoint.pth
2025-06-07 04:29:08,691 - [INFO] Epoch 11 / 50
2025-06-07 04:29:08,691 - [INFO] ------------------------------
2025-06-07 04:35:42,340 - [INFO] Train Loss: 0.9893 | Val Loss: 0.7575
2025-06-07 04:35:47,035 - [INFO] Checkpoint saved to ./models/version_1/checkpoint.pth
2025-06-07 04:35:47,035 - [INFO] Epoch 12 / 50
2025-06-07 04:35:47,035 - [INFO] ------------------------------
2025-06-07 04:42:19,528 - [INFO] Train Loss: 0.8684 | Val Loss: 0.6854
2025-06-07 04:42:24,250 - [INFO] Checkpoint saved to ./models/version_1/checkpoint.pth
2025-06-07 04:42:24,251 - [INFO] Epoch 13 / 50
2025-06-07 04:42:24,251 - [INFO] ------------------------------
2025-06-07 04:48:57,073 - [INFO] Train Loss: 0.7663 | Val Loss: 0.6345
2025-06-07 04:49:01,749 - [INFO] Checkpoint saved to ./models/version_1/checkpoint.pth
2025-06-07 04:49:01,750 - [INFO] Epoch 14 / 50
2025-06-07 04:49:01,750 - [INFO] ------------------------------
2025-06-07 04:55:34,321 - [INFO] Train Loss: 0.6797 | Val Loss: 0.5890
2025-06-07 04:55:38,974 - [INFO] Checkpoint saved to ./models/version_1/checkpoint.pth
2025-06-07 04:55:38,974 - [INFO] Epoch 15 / 50
2025-06-07 04:55:38,974 - [INFO] ------------------------------
2025-06-07 05:02:10,154 - [INFO] Train Loss: 0.6052 | Val Loss: 0.5642
2025-06-07 05:02:14,787 - [INFO] Checkpoint saved to ./models/version_1/checkpoint.pth
2025-06-07 05:02:14,787 - [INFO] Epoch 16 / 50
2025-06-07 05:02:14,787 - [INFO] ------------------------------
2025-06-07 05:08:48,813 - [INFO] Train Loss: 0.5406 | Val Loss: 0.5484
2025-06-07 05:08:53,508 - [INFO] Checkpoint saved to ./models/version_1/checkpoint.pth
2025-06-07 05:08:53,509 - [INFO] Epoch 17 / 50
2025-06-07 05:08:53,509 - [INFO] ------------------------------
2025-06-07 05:15:26,339 - [INFO] Train Loss: 0.4844 | Val Loss: 0.5213
2025-06-07 05:15:31,028 - [INFO] Checkpoint saved to ./models/version_1/checkpoint.pth
2025-06-07 05:15:31,028 - [INFO] Epoch 18 / 50
2025-06-07 05:15:31,029 - [INFO] ------------------------------
2025-06-07 05:22:04,093 - [INFO] Train Loss: 0.4366 | Val Loss: 0.5050
2025-06-07 05:22:08,783 - [INFO] Checkpoint saved to ./models/version_1/checkpoint.pth
2025-06-07 05:22:08,784 - [INFO] Epoch 19 / 50
2025-06-07 05:22:08,784 - [INFO] ------------------------------
2025-06-07 05:28:42,897 - [INFO] Train Loss: 0.3940 | Val Loss: 0.4912
2025-06-07 05:28:47,347 - [INFO] Checkpoint saved to ./models/version_1/checkpoint.pth
2025-06-07 05:28:47,347 - [INFO] Epoch 20 / 50
2025-06-07 05:28:47,348 - [INFO] ------------------------------
2025-06-07 05:35:20,447 - [INFO] Train Loss: 0.3560 | Val Loss: 0.4814
2025-06-07 05:35:24,924 - [INFO] Checkpoint saved to ./models/version_1/checkpoint.pth
2025-06-07 05:35:24,924 - [INFO] Epoch 21 / 50
2025-06-07 05:35:24,925 - [INFO] ------------------------------
2025-06-07 05:41:58,374 - [INFO] Train Loss: 0.3235 | Val Loss: 0.4825
2025-06-07 05:41:58,374 - [INFO] No improvement in validation loss for 1 epochs.
2025-06-07 05:41:58,374 - [INFO] Epoch 22 / 50
2025-06-07 05:41:58,374 - [INFO] ------------------------------
2025-06-07 05:48:32,551 - [INFO] Train Loss: 0.2978 | Val Loss: 0.4816
2025-06-07 05:48:32,551 - [INFO] No improvement in validation loss for 2 epochs.
2025-06-07 05:48:32,551 - [INFO] Epoch 23 / 50
2025-06-07 05:48:32,551 - [INFO] ------------------------------
2025-06-07 05:55:07,716 - [INFO] Train Loss: 0.2758 | Val Loss: 0.4786
2025-06-07 05:55:12,195 - [INFO] Checkpoint saved to ./models/version_1/checkpoint.pth
2025-06-07 05:55:12,195 - [INFO] Epoch 24 / 50
2025-06-07 05:55:12,195 - [INFO] ------------------------------
2025-06-07 06:01:45,553 - [INFO] Train Loss: 0.2552 | Val Loss: 0.4721
2025-06-07 06:01:49,507 - [INFO] Checkpoint saved to ./models/version_1/checkpoint.pth
2025-06-07 06:01:49,507 - [INFO] Epoch 25 / 50
2025-06-07 06:01:49,508 - [INFO] ------------------------------
2025-06-07 06:08:24,150 - [INFO] Train Loss: 0.2399 | Val Loss: 0.4706
2025-06-07 06:08:28,580 - [INFO] Checkpoint saved to ./models/version_1/checkpoint.pth
2025-06-07 06:08:28,580 - [INFO] Epoch 26 / 50
2025-06-07 06:08:28,581 - [INFO] ------------------------------
